
=== Tue Oct  8 12:30:59 2019

Packages were changed.
Update Mode: mergeDefaultDependencies

The following packages were updated:
  com.unity.ide.rider from version 1.0.4 to 1.1.0
  com.unity.ide.vscode from version 1.0.4 to 1.1.2

=== Sun May 10 12:35:04 2020

Packages were changed.
Update Mode: updateDependencies

The following packages were added:
  com.unity.ide.visualstudio@2.0.1
The following packages were updated:
  com.unity.ads from version 2.0.8 to 3.4.4
  com.unity.analytics from version 3.3.2 to 3.3.5
  com.unity.collab-proxy from version 1.2.16 to 1.3.7
  com.unity.ide.rider from version 1.1.0 to 2.0.2
  com.unity.ide.vscode from version 1.1.2 to 1.2.0
  com.unity.render-pipelines.lightweight from version 6.9.0 to 7.1.7
  com.unity.test-framework from version 1.0.13 to 1.1.13
  com.unity.textmeshpro from version 2.0.1 to 3.0.0-preview.1
  com.unity.timeline from version 1.1.0 to 1.2.6
The following packages were removed:
  com.unity.package-manager-ui@2.2.0
  com.unity.xr.oculus.android@1.38.4
  com.unity.xr.oculus.standalone@1.38.4
  com.unity.xr.openvr.standalone@1.0.5
